# JRE version: OpenJDK Runtime Environment Temurin-17.0.19+10 (17.0.19+10) (build 17.0.19+10)
# Java VM: OpenJDK 64-Bit Server VM Temurin-17.0.19+10 (17.0.19+10, mixed mode, sharing, tiered, compressed oops, compressed class ptrs, g1 gc, windows-amd64)
GC Precious Log:
 CPUs: 8 total, 8 available
 Memory: 3879M
 Large Page Support: Disabled
 NUMA Support: Disabled
 Compressed Oops: Enabled (Zero based)
 Heap Region Size: 4M
 Heap Min Capacity: 8M
 Heap Initial Capacity: 64M
 Heap Max Capacity: 8G
 Pre-touch: Disabled
 Parallel Workers: 8
 Concurrent Workers: 2
 Concurrent Refinement Workers: 8
 Periodic GC: Disabled
Heap:
 garbage-first heap   total 1019904K, used 248460K [0x0000000600000000, 0x0000000800000000)
  region size 4096K, 10 young (40960K), 10 survivors (40960K)
 Metaspace       used 149856K, committed 150720K, reserved 1245184K
  class space    used 18723K, committed 19136K, reserved 1048576K
GC Heap History (20 events):
Event: 107.237 GC heap after
{Heap after GC invocations=102 (full 0):
 garbage-first heap   total 847872K, used 162497K [0x0000000600000000, 0x0000000800000000)
  region size 4096K, 5 young (20480K), 5 survivors (20480K)
 Metaspace       used 137606K, committed 138432K, reserved 1179648K
  class space    used 17478K, committed 17856K, reserved 1048576K
}
Event: 110.080 GC heap before
{Heap before GC invocations=102 (full 0):
 garbage-first heap   total 847872K, used 649921K [0x0000000600000000, 0x0000000800000000)
  region size 4096K, 124 young (507904K), 5 survivors (20480K)
 Metaspace       used 137606K, committed 138432K, reserved 1179648K
  class space    used 17478K, committed 17856K, reserved 1048576K
}
Event: 110.188 GC heap after
{Heap after GC invocations=103 (full 0):
 garbage-first heap   total 847872K, used 162645K [0x0000000600000000, 0x0000000800000000)
  region size 4096K, 5 young (20480K), 5 survivors (20480K)
 Metaspace       used 137606K, committed 138432K, reserved 1179648K
  class space    used 17478K, committed 17856K, reserved 1048576K
}
Event: 122.190 GC heap before
{Heap before GC invocations=103 (full 0):
 garbage-first heap   total 847872K, used 650069K [0x0000000600000000, 0x0000000800000000)
  region size 4096K, 124 young (507904K), 5 survivors (20480K)
 Metaspace       used 137607K, committed 138432K, reserved 1179648K
  class space    used 17478K, committed 17856K, reserved 1048576K
}
Event: 122.497 GC heap after
{Heap after GC invocations=104 (full 0):
 garbage-first heap   total 847872K, used 162710K [0x0000000600000000, 0x0000000800000000)
  region size 4096K, 4 young (16384K), 4 survivors (16384K)
 Metaspace       used 137607K, committed 138432K, reserved 1179648K
  class space    used 17478K, committed 17856K, reserved 1048576K
}
Event: 152.943 GC heap before
{Heap before GC invocations=104 (full 0):
 garbage-first heap   total 847872K, used 654230K [0x0000000600000000, 0x0000000800000000)
  region size 4096K, 124 young (507904K), 4 survivors (16384K)
 Metaspace       used 144248K, committed 145152K, reserved 1179648K
  class space    used 18310K, committed 18752K, reserved 1048576K
}
Event: 153.167 GC heap after
{Heap after GC invocations=105 (full 0):
 garbage-first heap   total 1019904K, used 165507K [0x0000000600000000, 0x0000000800000000)
  region size 4096K, 6 young (24576K), 6 survivors (24576K)
 Metaspace       used 144248K, committed 145152K, reserved 1179648K
  class space    used 18310K, committed 18752K, reserved 1048576K
}
Event: 191.576 GC heap before
{Heap before GC invocations=105 (full 0):
 garbage-first heap   total 1019904K, used 755331K [0x0000000600000000, 0x0000000800000000)
  region size 4096K, 149 young (610304K), 6 survivors (24576K)
 Metaspace       used 149659K, committed 150592K, reserved 1245184K
  class space    used 18721K, committed 19136K, reserved 1048576K
}
Event: 192.361 GC heap after
{Heap after GC invocations=106 (full 0):
 garbage-first heap   total 1019904K, used 211965K [0x0000000600000000, 0x0000000800000000)
  region size 4096K, 16 young (65536K), 16 survivors (65536K)
 Metaspace       used 149659K, committed 150592K, reserved 1245184K
  class space    used 18721K, committed 19136K, reserved 1048576K
}
Event: 192.406 GC heap before
{Heap before GC invocations=106 (full 0):
 garbage-first heap   total 1019904K, used 216061K [0x0000000600000000, 0x0000000800000000)
  region size 4096K, 17 young (69632K), 16 survivors (65536K)
 Metaspace       used 149663K, committed 150592K, reserved 1245184K
  class space    used 18721K, committed 19136K, reserved 1048576K
}
Event: 193.072 GC heap after
{Heap after GC invocations=107 (full 0):
 garbage-first heap   total 1019904K, used 219196K [0x0000000600000000, 0x0000000800000000)
  region size 4096K, 2 young (8192K), 2 survivors (8192K)
 Metaspace       used 149663K, committed 150592K, reserved 1245184K
  class space    used 18721K, committed 19136K, reserved 1048576K
}
Event: 193.981 GC heap before
{Heap before GC invocations=107 (full 0):
 garbage-first heap   total 1019904K, used 604220K [0x0000000600000000, 0x0000000800000000)
  region size 4096K, 97 young (397312K), 2 survivors (8192K)
 Metaspace       used 149744K, committed 150656K, reserved 1245184K
  class space    used 18721K, committed 19136K, reserved 1048576K
}
Event: 193.991 GC heap after
{Heap after GC invocations=108 (full 0):
 garbage-first heap   total 1019904K, used 215383K [0x0000000600000000, 0x0000000800000000)
  region size 4096K, 2 young (8192K), 2 survivors (8192K)
 Metaspace       used 149744K, committed 150656K, reserved 1245184K
  class space    used 18721K, committed 19136K, reserved 1048576K
}
Event: 196.065 GC heap before
{Heap before GC invocations=108 (full 0):
 garbage-first heap   total 1019904K, used 813399K [0x0000000600000000, 0x0000000800000000)
  region size 4096K, 149 young (610304K), 2 survivors (8192K)
 Metaspace       used 149821K, committed 150720K, reserved 1245184K
  class space    used 18721K, committed 19136K, reserved 1048576K
}
Event: 196.096 GC heap after
{Heap after GC invocations=109 (full 0):
 garbage-first heap   total 1019904K, used 222682K [0x0000000600000000, 0x0000000800000000)
  region size 4096K, 3 young (12288K), 3 survivors (12288K)
 Metaspace       used 149821K, committed 150720K, reserved 1245184K
  class space    used 18721K, committed 19136K, reserved 1048576K
}
Event: 197.427 GC heap before
{Heap before GC invocations=109 (full 0):
 garbage-first heap   total 1019904K, used 820698K [0x0000000600000000, 0x0000000800000000)
  region size 4096K, 149 young (610304K), 3 survivors (12288K)
 Metaspace       used 149845K, committed 150720K, reserved 1245184K
  class space    used 18722K, committed 19136K, reserved 1048576K
}
Event: 197.508 GC heap after
{Heap after GC invocations=110 (full 0):
 garbage-first heap   total 1019904K, used 236775K [0x0000000600000000, 0x0000000800000000)
  region size 4096K, 7 young (28672K), 7 survivors (28672K)
 Metaspace       used 149845K, committed 150720K, reserved 1245184K
  class space    used 18722K, committed 19136K, reserved 1048576K
}
Event: 198.193 GC heap before
{Heap before GC invocations=110 (full 0):
 garbage-first heap   total 1019904K, used 658663K [0x0000000600000000, 0x0000000800000000)
  region size 4096K, 111 young (454656K), 7 survivors (28672K)
 Metaspace       used 149846K, committed 150720K, reserved 1245184K
  class space    used 18722K, committed 19136K, reserved 1048576K
}
Event: 198.222 GC heap after
{Heap after GC invocations=111 (full 0):
 garbage-first heap   total 1019904K, used 241935K [0x0000000600000000, 0x0000000800000000)
  region size 4096K, 8 young (32768K), 8 survivors (32768K)
 Metaspace       used 149846K, committed 150720K, reserved 1245184K
  class space    used 18722K, committed 19136K, reserved 1048576K
}
Event: 199.021 GC heap before
{Heap before GC invocations=111 (full 0):
 garbage-first heap   total 1019904K, used 815375K [0x0000000600000000, 0x0000000800000000)
  region size 4096K, 149 young (610304K), 8 survivors (32768K)
 Metaspace       used 149856K, committed 150720K, reserved 1245184K
  class space    used 18723K, committed 19136K, reserved 1048576K
}

