# JRE version: OpenJDK Runtime Environment Temurin-17.0.19+10 (17.0.19+10) (build 17.0.19+10)
# Java VM: OpenJDK 64-Bit Server VM Temurin-17.0.19+10 (17.0.19+10, mixed mode, sharing, tiered, compressed oops, compressed class ptrs, g1 gc, windows-amd64)
GC Precious Log:
 CPUs: 8 total, 8 available
 Memory: 3879M
 Large Page Support: Disabled
 NUMA Support: Disabled
 Compressed Oops: Enabled (Zero based)
 Heap Region Size: 4M
 Heap Min Capacity: 8M
 Heap Initial Capacity: 64M
 Heap Max Capacity: 8G
 Pre-touch: Disabled
 Parallel Workers: 8
 Concurrent Workers: 2
 Concurrent Refinement Workers: 8
 Periodic GC: Disabled
Heap:
 garbage-first heap   total 1474560K, used 293075K [0x0000000600000000, 0x0000000800000000)
  region size 4096K, 4 young (16384K), 4 survivors (16384K)
 Metaspace       used 184748K, committed 185792K, reserved 1245184K
  class space    used 23181K, committed 23680K, reserved 1048576K
GC Heap History (20 events):
Event: 150.122 GC heap after
{Heap after GC invocations=77 (full 0):
 garbage-first heap   total 1474560K, used 273780K [0x0000000600000000, 0x0000000800000000)
  region size 4096K, 11 young (45056K), 11 survivors (45056K)
 Metaspace       used 118497K, committed 119296K, reserved 1179648K
  class space    used 15652K, committed 16064K, reserved 1048576K
}
Event: 158.296 GC heap before
{Heap before GC invocations=78 (full 0):
 garbage-first heap   total 1011712K, used 826740K [0x0000000600000000, 0x0000000800000000)
  region size 4096K, 148 young (606208K), 11 survivors (45056K)
 Metaspace       used 152928K, committed 153920K, reserved 1245184K
  class space    used 19340K, committed 19840K, reserved 1048576K
}
Event: 158.427 GC heap after
{Heap after GC invocations=79 (full 0):
 garbage-first heap   total 1011712K, used 283919K [0x0000000600000000, 0x0000000800000000)
  region size 4096K, 15 young (61440K), 15 survivors (61440K)
 Metaspace       used 152928K, committed 153920K, reserved 1245184K
  class space    used 19340K, committed 19840K, reserved 1048576K
}
Event: 158.544 GC heap before
{Heap before GC invocations=79 (full 0):
 garbage-first heap   total 1011712K, used 288015K [0x0000000600000000, 0x0000000800000000)
  region size 4096K, 16 young (65536K), 15 survivors (61440K)
 Metaspace       used 152928K, committed 153920K, reserved 1245184K
  class space    used 19340K, committed 19840K, reserved 1048576K
}
Event: 158.706 GC heap after
{Heap after GC invocations=80 (full 0):
 garbage-first heap   total 1011712K, used 243403K [0x0000000600000000, 0x0000000800000000)
  region size 4096K, 1 young (4096K), 1 survivors (4096K)
 Metaspace       used 152928K, committed 153920K, reserved 1245184K
  class space    used 19340K, committed 19840K, reserved 1048576K
}
Event: 161.110 GC heap before
{Heap before GC invocations=80 (full 0):
 garbage-first heap   total 1011712K, used 845515K [0x0000000600000000, 0x0000000800000000)
  region size 4096K, 148 young (606208K), 1 survivors (4096K)
 Metaspace       used 153435K, committed 154368K, reserved 1245184K
  class space    used 19368K, committed 19840K, reserved 1048576K
}
Event: 161.131 GC heap after
{Heap after GC invocations=81 (full 0):
 garbage-first heap   total 1011712K, used 242885K [0x0000000600000000, 0x0000000800000000)
  region size 4096K, 1 young (4096K), 1 survivors (4096K)
 Metaspace       used 153435K, committed 154368K, reserved 1245184K
  class space    used 19368K, committed 19840K, reserved 1048576K
}
Event: 163.627 GC heap before
{Heap before GC invocations=82 (full 0):
 garbage-first heap   total 1011712K, used 844997K [0x0000000600000000, 0x0000000800000000)
  region size 4096K, 148 young (606208K), 1 survivors (4096K)
 Metaspace       used 153435K, committed 154368K, reserved 1245184K
  class space    used 19368K, committed 19840K, reserved 1048576K
}
Event: 163.630 GC heap after
{Heap after GC invocations=83 (full 0):
 garbage-first heap   total 1011712K, used 241960K [0x0000000600000000, 0x0000000800000000)
  region size 4096K, 1 young (4096K), 1 survivors (4096K)
 Metaspace       used 153435K, committed 154368K, reserved 1245184K
  class space    used 19368K, committed 19840K, reserved 1048576K
}
Event: 163.743 GC heap before
{Heap before GC invocations=83 (full 0):
 garbage-first heap   total 1011712K, used 282920K [0x0000000600000000, 0x0000000800000000)
  region size 4096K, 12 young (49152K), 1 survivors (4096K)
 Metaspace       used 153435K, committed 154368K, reserved 1245184K
  class space    used 19368K, committed 19840K, reserved 1048576K
}
Event: 163.750 GC heap after
{Heap after GC invocations=84 (full 0):
 garbage-first heap   total 1216512K, used 233784K [0x0000000600000000, 0x0000000800000000)
  region size 4096K, 1 young (4096K), 1 survivors (4096K)
 Metaspace       used 153435K, committed 154368K, reserved 1245184K
  class space    used 19368K, committed 19840K, reserved 1048576K
}
Event: 166.531 GC heap before
{Heap before GC invocations=84 (full 0):
 garbage-first heap   total 1216512K, used 958776K [0x0000000600000000, 0x0000000800000000)
  region size 4096K, 178 young (729088K), 1 survivors (4096K)
 Metaspace       used 153445K, committed 154432K, reserved 1245184K
  class space    used 19368K, committed 19840K, reserved 1048576K
}
Event: 166.533 GC heap after
{Heap after GC invocations=85 (full 0):
 garbage-first heap   total 1216512K, used 233567K [0x0000000600000000, 0x0000000800000000)
  region size 4096K, 1 young (4096K), 1 survivors (4096K)
 Metaspace       used 153445K, committed 154432K, reserved 1245184K
  class space    used 19368K, committed 19840K, reserved 1048576K
}
Event: 178.839 GC heap before
{Heap before GC invocations=85 (full 0):
 garbage-first heap   total 1216512K, used 958559K [0x0000000600000000, 0x0000000800000000)
  region size 4096K, 178 young (729088K), 1 survivors (4096K)
 Metaspace       used 156647K, committed 157632K, reserved 1245184K
  class space    used 19502K, committed 19968K, reserved 1048576K
}
Event: 179.212 GC heap after
{Heap after GC invocations=86 (full 0):
 garbage-first heap   total 1216512K, used 263269K [0x0000000600000000, 0x0000000800000000)
  region size 4096K, 8 young (32768K), 8 survivors (32768K)
 Metaspace       used 156647K, committed 157632K, reserved 1245184K
  class space    used 19502K, committed 19968K, reserved 1048576K
}
Event: 194.747 GC heap before
{Heap before GC invocations=86 (full 0):
 garbage-first heap   total 1216512K, used 853093K [0x0000000600000000, 0x0000000800000000)
  region size 4096K, 153 young (626688K), 8 survivors (32768K)
 Metaspace       used 173637K, committed 174656K, reserved 1245184K
  class space    used 21522K, committed 22016K, reserved 1048576K
}
Event: 195.349 GC heap after
{Heap after GC invocations=87 (full 0):
 garbage-first heap   total 1216512K, used 280613K [0x0000000600000000, 0x0000000800000000)
  region size 4096K, 12 young (49152K), 12 survivors (49152K)
 Metaspace       used 173637K, committed 174656K, reserved 1245184K
  class space    used 21522K, committed 22016K, reserved 1048576K
}
Event: 195.512 GC heap before
{Heap before GC invocations=87 (full 0):
 garbage-first heap   total 1216512K, used 288805K [0x0000000600000000, 0x0000000800000000)
  region size 4096K, 14 young (57344K), 12 survivors (49152K)
 Metaspace       used 173637K, committed 174656K, reserved 1245184K
  class space    used 21522K, committed 22016K, reserved 1048576K
}
Event: 195.983 GC heap after
{Heap after GC invocations=88 (full 0):
 garbage-first heap   total 1216512K, used 284349K [0x0000000600000000, 0x0000000800000000)
  region size 4096K, 2 young (8192K), 2 survivors (8192K)
 Metaspace       used 173637K, committed 174656K, reserved 1245184K
  class space    used 21522K, committed 22016K, reserved 1048576K
}
Event: 201.571 GC heap before
{Heap before GC invocations=88 (full 0):
 garbage-first heap   total 1216512K, used 468669K [0x0000000600000000, 0x0000000800000000)
  region size 4096K, 47 young (192512K), 2 survivors (8192K)
 Metaspace       used 184748K, committed 185792K, reserved 1245184K
  class space    used 23181K, committed 23680K, reserved 1048576K
}

