# JRE version: OpenJDK Runtime Environment Temurin-17.0.19+10 (17.0.19+10) (build 17.0.19+10)
# Java VM: OpenJDK 64-Bit Server VM Temurin-17.0.19+10 (17.0.19+10, mixed mode, sharing, tiered, compressed oops, compressed class ptrs, g1 gc, windows-amd64)
GC Precious Log:
 CPUs: 8 total, 8 available
 Memory: 3879M
 Large Page Support: Disabled
 NUMA Support: Disabled
 Compressed Oops: Enabled (32-bit)
 Heap Region Size: 1M
 Heap Min Capacity: 8M
 Heap Initial Capacity: 62M
 Heap Max Capacity: 1536M
 Pre-touch: Disabled
 Parallel Workers: 8
 Concurrent Workers: 2
 Concurrent Refinement Workers: 8
 Periodic GC: Disabled
Heap:
 garbage-first heap   total 128000K, used 87941K [0x00000000a0000000, 0x0000000100000000)
  region size 1024K, 2 young (2048K), 2 survivors (2048K)
 Metaspace       used 68824K, committed 69568K, reserved 393216K
  class space    used 9834K, committed 10176K, reserved 327680K
GC Heap History (20 events):
Event: 23.858 GC heap after
{Heap after GC invocations=54 (full 0):
 garbage-first heap   total 106496K, used 59639K [0x00000000a0000000, 0x0000000100000000)
  region size 1024K, 1 young (1024K), 1 survivors (1024K)
 Metaspace       used 62345K, committed 62976K, reserved 393216K
  class space    used 8888K, committed 9152K, reserved 327680K
}
Event: 24.654 GC heap before
{Heap before GC invocations=54 (full 0):
 garbage-first heap   total 106496K, used 88311K [0x00000000a0000000, 0x0000000100000000)
  region size 1024K, 29 young (29696K), 1 survivors (1024K)
 Metaspace       used 64347K, committed 65024K, reserved 393216K
  class space    used 9203K, committed 9536K, reserved 327680K
}
Event: 24.658 GC heap after
{Heap after GC invocations=55 (full 0):
 garbage-first heap   total 128000K, used 60938K [0x00000000a0000000, 0x0000000100000000)
  region size 1024K, 2 young (2048K), 2 survivors (2048K)
 Metaspace       used 64347K, committed 65024K, reserved 393216K
  class space    used 9203K, committed 9536K, reserved 327680K
}
Event: 26.494 GC heap before
{Heap before GC invocations=56 (full 0):
 garbage-first heap   total 128000K, used 103946K [0x00000000a0000000, 0x0000000100000000)
  region size 1024K, 44 young (45056K), 2 survivors (2048K)
 Metaspace       used 66858K, committed 67584K, reserved 393216K
  class space    used 9631K, committed 9984K, reserved 327680K
}
Event: 26.502 GC heap after
{Heap after GC invocations=57 (full 0):
 garbage-first heap   total 128000K, used 65111K [0x00000000a0000000, 0x0000000100000000)
  region size 1024K, 6 young (6144K), 6 survivors (6144K)
 Metaspace       used 66858K, committed 67584K, reserved 393216K
  class space    used 9631K, committed 9984K, reserved 327680K
}
Event: 26.569 GC heap before
{Heap before GC invocations=57 (full 0):
 garbage-first heap   total 128000K, used 66135K [0x00000000a0000000, 0x0000000100000000)
  region size 1024K, 7 young (7168K), 6 survivors (6144K)
 Metaspace       used 66874K, committed 67584K, reserved 393216K
  class space    used 9631K, committed 9984K, reserved 327680K
}
Event: 26.583 GC heap after
{Heap after GC invocations=58 (full 0):
 garbage-first heap   total 128000K, used 65094K [0x00000000a0000000, 0x0000000100000000)
  region size 1024K, 1 young (1024K), 1 survivors (1024K)
 Metaspace       used 66874K, committed 67584K, reserved 393216K
  class space    used 9631K, committed 9984K, reserved 327680K
}
Event: 27.876 GC heap before
{Heap before GC invocations=58 (full 0):
 garbage-first heap   total 128000K, used 102982K [0x00000000a0000000, 0x0000000100000000)
  region size 1024K, 39 young (39936K), 1 survivors (1024K)
 Metaspace       used 67428K, committed 68160K, reserved 393216K
  class space    used 9653K, committed 9984K, reserved 327680K
}
Event: 27.883 GC heap after
{Heap after GC invocations=59 (full 0):
 garbage-first heap   total 128000K, used 68653K [0x00000000a0000000, 0x0000000100000000)
  region size 1024K, 5 young (5120K), 5 survivors (5120K)
 Metaspace       used 67428K, committed 68160K, reserved 393216K
  class space    used 9653K, committed 9984K, reserved 327680K
}
Event: 28.444 GC heap before
{Heap before GC invocations=60 (full 0):
 garbage-first heap   total 128000K, used 102445K [0x00000000a0000000, 0x0000000100000000)
  region size 1024K, 39 young (39936K), 5 survivors (5120K)
 Metaspace       used 67466K, committed 68160K, reserved 393216K
  class space    used 9654K, committed 9984K, reserved 327680K
}
Event: 28.454 GC heap after
{Heap after GC invocations=61 (full 0):
 garbage-first heap   total 128000K, used 70254K [0x00000000a0000000, 0x0000000100000000)
  region size 1024K, 2 young (2048K), 2 survivors (2048K)
 Metaspace       used 67466K, committed 68160K, reserved 393216K
  class space    used 9654K, committed 9984K, reserved 327680K
}
Event: 28.526 GC heap before
{Heap before GC invocations=61 (full 0):
 garbage-first heap   total 128000K, used 74350K [0x00000000a0000000, 0x0000000100000000)
  region size 1024K, 6 young (6144K), 2 survivors (2048K)
 Metaspace       used 67467K, committed 68160K, reserved 393216K
  class space    used 9654K, committed 9984K, reserved 327680K
}
Event: 28.530 GC heap after
{Heap after GC invocations=62 (full 0):
 garbage-first heap   total 128000K, used 69928K [0x00000000a0000000, 0x0000000100000000)
  region size 1024K, 1 young (1024K), 1 survivors (1024K)
 Metaspace       used 67467K, committed 68160K, reserved 393216K
  class space    used 9654K, committed 9984K, reserved 327680K
}
Event: 28.952 GC heap before
{Heap before GC invocations=62 (full 0):
 garbage-first heap   total 128000K, used 104744K [0x00000000a0000000, 0x0000000100000000)
  region size 1024K, 36 young (36864K), 1 survivors (1024K)
 Metaspace       used 67473K, committed 68160K, reserved 393216K
  class space    used 9654K, committed 9984K, reserved 327680K
}
Event: 28.956 GC heap after
{Heap after GC invocations=63 (full 0):
 garbage-first heap   total 128000K, used 71038K [0x00000000a0000000, 0x0000000100000000)
  region size 1024K, 2 young (2048K), 2 survivors (2048K)
 Metaspace       used 67473K, committed 68160K, reserved 393216K
  class space    used 9654K, committed 9984K, reserved 327680K
}
Event: 29.977 GC heap before
{Heap before GC invocations=64 (full 0):
 garbage-first heap   total 128000K, used 113022K [0x00000000a0000000, 0x0000000100000000)
  region size 1024K, 37 young (37888K), 2 survivors (2048K)
 Metaspace       used 68354K, committed 69056K, reserved 393216K
  class space    used 9759K, committed 10112K, reserved 327680K
}
Event: 29.984 GC heap after
{Heap after GC invocations=65 (full 0):
 garbage-first heap   total 128000K, used 84421K [0x00000000a0000000, 0x0000000100000000)
  region size 1024K, 5 young (5120K), 5 survivors (5120K)
 Metaspace       used 68354K, committed 69056K, reserved 393216K
  class space    used 9759K, committed 10112K, reserved 327680K
}
Event: 30.043 GC heap before
{Heap before GC invocations=65 (full 0):
 garbage-first heap   total 128000K, used 84421K [0x00000000a0000000, 0x0000000100000000)
  region size 1024K, 6 young (6144K), 5 survivors (5120K)
 Metaspace       used 68409K, committed 69120K, reserved 393216K
  class space    used 9766K, committed 10112K, reserved 327680K
}
Event: 30.048 GC heap after
{Heap after GC invocations=66 (full 0):
 garbage-first heap   total 128000K, used 84709K [0x00000000a0000000, 0x0000000100000000)
  region size 1024K, 1 young (1024K), 1 survivors (1024K)
 Metaspace       used 68409K, committed 69120K, reserved 393216K
  class space    used 9766K, committed 10112K, reserved 327680K
}
Event: 30.531 GC heap before
{Heap before GC invocations=66 (full 0):
 garbage-first heap   total 128000K, used 106213K [0x00000000a0000000, 0x0000000100000000)
  region size 1024K, 20 young (20480K), 1 survivors (1024K)
 Metaspace       used 68824K, committed 69568K, reserved 393216K
  class space    used 9834K, committed 10176K, reserved 327680K
}

